<?xml version="1.0" encoding="UTF-8"?>
<!-- Generated by org.testng.reporters.JUnitXMLReporter -->
<testsuite hostname="USHYDPSUDHAK4" name="Surefire test" tests="3" failures="0" timestamp="17 Oct 2017 11:09:45 GMT" time="0.172" errors="0">
  <testcase name="testSum on testSum(JacocoTest.JacocoTest.CalculatorTest)" time="0.016" classname="JacocoTest.JacocoTest.CalculatorTest"/>
  <testcase name="testDivide on testDivide(JacocoTest.JacocoTest.CalculatorTest)" time="0.0" classname="JacocoTest.JacocoTest.CalculatorTest"/>
  <testcase name="testDivideWillThrowExceptionWhenDivideOnZero on testDivideWillThrowExceptionWhenDivideOnZero(JacocoTest.JacocoTest.CalculatorTest)" time="0.016" classname="JacocoTest.JacocoTest.CalculatorTest"/>
</testsuite> <!-- Surefire test -->
