<?xml version="1.0" encoding="UTF-8"?>
<testng-results skipped="0" failed="0" total="3" passed="3">
  <reporter-output>
  </reporter-output>
  <suite name="Surefire suite" duration-ms="172" started-at="2017-10-17T11:09:45Z" finished-at="2017-10-17T11:09:45Z">
    <groups>
    </groups>
    <test name="Surefire test" duration-ms="172" started-at="2017-10-17T11:09:45Z" finished-at="2017-10-17T11:09:45Z">
      <class name="JacocoTest.JacocoTest.CalculatorTest">
        <test-method status="PASS" signature="testSum()[pri:0, instance:testSum(JacocoTest.JacocoTest.CalculatorTest)]" name="testSum" duration-ms="16" started-at="2017-10-17T16:39:45Z" finished-at="2017-10-17T16:39:45Z">
          <reporter-output>
          </reporter-output>
        </test-method> <!-- testSum -->
        <test-method status="PASS" signature="testDivide()[pri:0, instance:testDivide(JacocoTest.JacocoTest.CalculatorTest)]" name="testDivide" duration-ms="0" started-at="2017-10-17T16:39:45Z" finished-at="2017-10-17T16:39:45Z">
          <reporter-output>
          </reporter-output>
        </test-method> <!-- testDivide -->
        <test-method status="PASS" signature="testDivideWillThrowExceptionWhenDivideOnZero()[pri:0, instance:testDivideWillThrowExceptionWhenDivideOnZero(JacocoTest.JacocoTest.CalculatorTest)]" name="testDivideWillThrowExceptionWhenDivideOnZero" duration-ms="16" started-at="2017-10-17T16:39:45Z" finished-at="2017-10-17T16:39:45Z">
          <reporter-output>
          </reporter-output>
        </test-method> <!-- testDivideWillThrowExceptionWhenDivideOnZero -->
      </class> <!-- JacocoTest.JacocoTest.CalculatorTest -->
    </test> <!-- Surefire test -->
  </suite> <!-- Surefire suite -->
</testng-results>
